# JRE version: OpenJDK Runtime Environment (8.0_152-b01) (build 1.8.0_152-release-1248-b01)
# Java VM: OpenJDK 64-Bit Server VM (25.152-b01 mixed mode linux-amd64 compressed oops)
Heap:
 PSYoungGen      total 402432K, used 295016K [0x00000000e0000000, 0x00000000ff980000, 0x0000000100000000)
  eden space 285696K, 100% used [0x00000000e0000000,0x00000000f1700000,0x00000000f1700000)
  from space 116736K, 7% used [0x00000000f1700000,0x00000000f201a358,0x00000000f8900000)
  to   space 113664K, 10% used [0x00000000f8a80000,0x00000000f95b45b0,0x00000000ff980000)
 ParOldGen       total 299520K, used 195163K [0x00000000a0000000, 0x00000000b2480000, 0x00000000e0000000)
  object space 299520K, 65% used [0x00000000a0000000,0x00000000abe96c68,0x00000000b2480000)
 Metaspace       used 99405K, capacity 105096K, committed 105344K, reserved 1140736K
  class space    used 12205K, capacity 13340K, committed 13440K, reserved 1048576K
GC Heap History (10 events):
Event: 3723.279 GC heap after
Heap after GC invocations=60 (full 5):
 PSYoungGen      total 281600K, used 8478K [0x00000000e0000000, 0x00000000ff780000, 0x0000000100000000)
  eden space 272896K, 0% used [0x00000000e0000000,0x00000000e0000000,0x00000000f0a80000)
  from space 8704K, 97% used [0x00000000f0a80000,0x00000000f12c7b68,0x00000000f1300000)
  to   space 121344K, 0% used [0x00000000f8100000,0x00000000f8100000,0x00000000ff780000)
 ParOldGen       total 299520K, used 182724K [0x00000000a0000000, 0x00000000b2480000, 0x00000000e0000000)
  object space 299520K, 61% used [0x00000000a0000000,0x00000000ab271140,0x00000000b2480000)
 Metaspace       used 97584K, capacity 102858K, committed 103040K, reserved 1138688K
  class space    used 12019K, capacity 13085K, committed 13184K, reserved 1048576K
}
Event: 5403.576 GC heap before
{Heap before GC invocations=61 (full 5):
 PSYoungGen      total 281600K, used 281374K [0x00000000e0000000, 0x00000000ff780000, 0x0000000100000000)
  eden space 272896K, 100% used [0x00000000e0000000,0x00000000f0a80000,0x00000000f0a80000)
  from space 8704K, 97% used [0x00000000f0a80000,0x00000000f12c7b68,0x00000000f1300000)
  to   space 121344K, 0% used [0x00000000f8100000,0x00000000f8100000,0x00000000ff780000)
 ParOldGen       total 299520K, used 182724K [0x00000000a0000000, 0x00000000b2480000, 0x00000000e0000000)
  object space 299520K, 61% used [0x00000000a0000000,0x00000000ab271140,0x00000000b2480000)
 Metaspace       used 98074K, capacity 103628K, committed 103936K, reserved 1140736K
  class space    used 12079K, capacity 13192K, committed 13312K, reserved 1048576K
Event: 5403.601 GC heap after
Heap after GC invocations=61 (full 5):
 PSYoungGen      total 396288K, used 9737K [0x00000000e0000000, 0x0000000100000000, 0x0000000100000000)
  eden space 274944K, 0% used [0x00000000e0000000,0x00000000e0000000,0x00000000f0c80000)
  from space 121344K, 8% used [0x00000000f8100000,0x00000000f8a82568,0x00000000ff780000)
  to   space 119296K, 0% used [0x00000000f0c80000,0x00000000f0c80000,0x00000000f8100000)
 ParOldGen       total 299520K, used 183656K [0x00000000a0000000, 0x00000000b2480000, 0x00000000e0000000)
  object space 299520K, 61% used [0x00000000a0000000,0x00000000ab35a190,0x00000000b2480000)
 Metaspace       used 98074K, capacity 103628K, committed 103936K, reserved 1140736K
  class space    used 12079K, capacity 13192K, committed 13312K, reserved 1048576K
}
Event: 5405.609 GC heap before
{Heap before GC invocations=62 (full 5):
 PSYoungGen      total 396288K, used 284681K [0x00000000e0000000, 0x0000000100000000, 0x0000000100000000)
  eden space 274944K, 100% used [0x00000000e0000000,0x00000000f0c80000,0x00000000f0c80000)
  from space 121344K, 8% used [0x00000000f8100000,0x00000000f8a82568,0x00000000ff780000)
  to   space 119296K, 0% used [0x00000000f0c80000,0x00000000f0c80000,0x00000000f8100000)
 ParOldGen       total 299520K, used 183656K [0x00000000a0000000, 0x00000000b2480000, 0x00000000e0000000)
  object space 299520K, 61% used [0x00000000a0000000,0x00000000ab35a190,0x00000000b2480000)
 Metaspace       used 99184K, capacity 104784K, committed 104960K, reserved 1140736K
  class space    used 12178K, capacity 13300K, committed 13312K, reserved 1048576K
Event: 5405.700 GC heap after
Heap after GC invocations=62 (full 5):
 PSYoungGen      total 394240K, used 59041K [0x00000000e0000000, 0x00000000ffd00000, 0x0000000100000000)
  eden space 274944K, 0% used [0x00000000e0000000,0x00000000e0000000,0x00000000f0c80000)
  from space 119296K, 49% used [0x00000000f0c80000,0x00000000f46285b8,0x00000000f8100000)
  to   space 118784K, 0% used [0x00000000f8900000,0x00000000f8900000,0x00000000ffd00000)
 ParOldGen       total 299520K, used 192662K [0x00000000a0000000, 0x00000000b2480000, 0x00000000e0000000)
  object space 299520K, 64% used [0x00000000a0000000,0x00000000abc258e8,0x00000000b2480000)
 Metaspace       used 99184K, capacity 104784K, committed 104960K, reserved 1140736K
  class space    used 12178K, capacity 13300K, committed 13312K, reserved 1048576K
}
Event: 5407.575 GC heap before
{Heap before GC invocations=63 (full 5):
 PSYoungGen      total 394240K, used 333115K [0x00000000e0000000, 0x00000000ffd00000, 0x0000000100000000)
  eden space 274944K, 99% used [0x00000000e0000000,0x00000000f0ba6a00,0x00000000f0c80000)
  from space 119296K, 49% used [0x00000000f0c80000,0x00000000f46285b8,0x00000000f8100000)
  to   space 118784K, 0% used [0x00000000f8900000,0x00000000f8900000,0x00000000ffd00000)
 ParOldGen       total 299520K, used 192662K [0x00000000a0000000, 0x00000000b2480000, 0x00000000e0000000)
  object space 299520K, 64% used [0x00000000a0000000,0x00000000abc258e8,0x00000000b2480000)
 Metaspace       used 99202K, capacity 104848K, committed 104960K, reserved 1140736K
  class space    used 12178K, capacity 13300K, committed 13312K, reserved 1048576K
Event: 5407.586 GC heap after
Heap after GC invocations=63 (full 5):
 PSYoungGen      total 402944K, used 5361K [0x00000000e0000000, 0x00000000ffb80000, 0x0000000100000000)
  eden space 285696K, 0% used [0x00000000e0000000,0x00000000e0000000,0x00000000f1700000)
  from space 117248K, 4% used [0x00000000f8900000,0x00000000f8e3c638,0x00000000ffb80000)
  to   space 116736K, 0% used [0x00000000f1700000,0x00000000f1700000,0x00000000f8900000)
 ParOldGen       total 299520K, used 193398K [0x00000000a0000000, 0x00000000b2480000, 0x00000000e0000000)
  object space 299520K, 64% used [0x00000000a0000000,0x00000000abcdd898,0x00000000b2480000)
 Metaspace       used 99202K, capacity 104848K, committed 104960K, reserved 1140736K
  class space    used 12178K, capacity 13300K, committed 13312K, reserved 1048576K
}
Event: 5408.424 GC heap before
{Heap before GC invocations=64 (full 5):
 PSYoungGen      total 402944K, used 291057K [0x00000000e0000000, 0x00000000ffb80000, 0x0000000100000000)
  eden space 285696K, 100% used [0x00000000e0000000,0x00000000f1700000,0x00000000f1700000)
  from space 117248K, 4% used [0x00000000f8900000,0x00000000f8e3c638,0x00000000ffb80000)
  to   space 116736K, 0% used [0x00000000f1700000,0x00000000f1700000,0x00000000f8900000)
 ParOldGen       total 299520K, used 193398K [0x00000000a0000000, 0x00000000b2480000, 0x00000000e0000000)
  object space 299520K, 64% used [0x00000000a0000000,0x00000000abcdd898,0x00000000b2480000)
 Metaspace       used 99331K, capacity 105032K, committed 105344K, reserved 1140736K
  class space    used 12198K, capacity 13340K, committed 13440K, reserved 1048576K
Event: 5408.444 GC heap after
Heap after GC invocations=64 (full 5):
 PSYoungGen      total 402432K, used 9320K [0x00000000e0000000, 0x00000000ff980000, 0x0000000100000000)
  eden space 285696K, 0% used [0x00000000e0000000,0x00000000e0000000,0x00000000f1700000)
  from space 116736K, 7% used [0x00000000f1700000,0x00000000f201a358,0x00000000f8900000)
  to   space 113664K, 0% used [0x00000000f8a80000,0x00000000f8a80000,0x00000000ff980000)
 ParOldGen       total 299520K, used 194474K [0x00000000a0000000, 0x00000000b2480000, 0x00000000e0000000)
  object space 299520K, 64% used [0x00000000a0000000,0x00000000abdeabf8,0x00000000b2480000)
 Metaspace       used 99331K, capacity 105032K, committed 105344K, reserved 1140736K
  class space    used 12198K, capacity 13340K, committed 13440K, reserved 1048576K
}
Event: 5409.499 GC heap before
{Heap before GC invocations=65 (full 5):
 PSYoungGen      total 402432K, used 295016K [0x00000000e0000000, 0x00000000ff980000, 0x0000000100000000)
  eden space 285696K, 100% used [0x00000000e0000000,0x00000000f1700000,0x00000000f1700000)
  from space 116736K, 7% used [0x00000000f1700000,0x00000000f201a358,0x00000000f8900000)
  to   space 113664K, 0% used [0x00000000f8a80000,0x00000000f8a80000,0x00000000ff980000)
 ParOldGen       total 299520K, used 194474K [0x00000000a0000000, 0x00000000b2480000, 0x00000000e0000000)
  object space 299520K, 64% used [0x00000000a0000000,0x00000000abdeabf8,0x00000000b2480000)
 Metaspace       used 99405K, capacity 105096K, committed 105344K, reserved 1140736K
  class space    used 12205K, capacity 13340K, committed 13440K, reserved 1048576K

