# JRE version: OpenJDK Runtime Environment (8.0_152-b01) (build 1.8.0_152-release-1248-b01)
# Java VM: OpenJDK 64-Bit Server VM (25.152-b01 mixed mode linux-amd64 compressed oops)
Heap:
 PSYoungGen      total 436224K, used 203442K [0x00000000e0000000, 0x0000000100000000, 0x0000000100000000)
  eden space 376832K, 38% used [0x00000000e0000000,0x00000000e8d09230,0x00000000f7000000)
  from space 59392K, 99% used [0x00000000f7000000,0x00000000fa9a3628,0x00000000faa00000)
  to   space 80384K, 0% used [0x00000000fb180000,0x00000000fb180000,0x0000000100000000)
 ParOldGen       total 161280K, used 112958K [0x00000000a0000000, 0x00000000a9d80000, 0x00000000e0000000)
  object space 161280K, 70% used [0x00000000a0000000,0x00000000a6e4f9c8,0x00000000a9d80000)
 Metaspace       used 83506K, capacity 86480K, committed 86656K, reserved 1124352K
  class space    used 10631K, capacity 11313K, committed 11392K, reserved 1048576K
GC Heap History (10 events):
Event: 41.907 GC heap before
{Heap before GC invocations=14 (full 3):
 PSYoungGen      total 307200K, used 302567K [0x00000000e0000000, 0x00000000f5000000, 0x0000000100000000)
  eden space 286720K, 99% used [0x00000000e0000000,0x00000000f17ec7e0,0x00000000f1800000)
  from space 20480K, 77% used [0x00000000f3c00000,0x00000000f4b8d718,0x00000000f5000000)
  to   space 28672K, 0% used [0x00000000f1800000,0x00000000f1800000,0x00000000f3400000)
 ParOldGen       total 161280K, used 44554K [0x00000000a0000000, 0x00000000a9d80000, 0x00000000e0000000)
  object space 161280K, 27% used [0x00000000a0000000,0x00000000a2b828b8,0x00000000a9d80000)
 Metaspace       used 68640K, capacity 70818K, committed 71168K, reserved 1110016K
  class space    used 9113K, capacity 9644K, committed 9728K, reserved 1048576K
Event: 42.001 GC heap after
Heap after GC invocations=14 (full 3):
 PSYoungGen      total 315392K, used 9935K [0x00000000e0000000, 0x00000000f8880000, 0x0000000100000000)
  eden space 286720K, 0% used [0x00000000e0000000,0x00000000e0000000,0x00000000f1800000)
  from space 28672K, 34% used [0x00000000f1800000,0x00000000f21b3ef8,0x00000000f3400000)
  to   space 28160K, 0% used [0x00000000f6d00000,0x00000000f6d00000,0x00000000f8880000)
 ParOldGen       total 161280K, used 44554K [0x00000000a0000000, 0x00000000a9d80000, 0x00000000e0000000)
  object space 161280K, 27% used [0x00000000a0000000,0x00000000a2b828b8,0x00000000a9d80000)
 Metaspace       used 68640K, capacity 70818K, committed 71168K, reserved 1110016K
  class space    used 9113K, capacity 9644K, committed 9728K, reserved 1048576K
}
Event: 51.272 GC heap before
{Heap before GC invocations=15 (full 3):
 PSYoungGen      total 315392K, used 296655K [0x00000000e0000000, 0x00000000f8880000, 0x0000000100000000)
  eden space 286720K, 100% used [0x00000000e0000000,0x00000000f1800000,0x00000000f1800000)
  from space 28672K, 34% used [0x00000000f1800000,0x00000000f21b3ef8,0x00000000f3400000)
  to   space 28160K, 0% used [0x00000000f6d00000,0x00000000f6d00000,0x00000000f8880000)
 ParOldGen       total 161280K, used 44554K [0x00000000a0000000, 0x00000000a9d80000, 0x00000000e0000000)
  object space 161280K, 27% used [0x00000000a0000000,0x00000000a2b828b8,0x00000000a9d80000)
 Metaspace       used 72704K, capacity 74898K, committed 75136K, reserved 1114112K
  class space    used 9436K, capacity 10020K, committed 10112K, reserved 1048576K
Event: 51.530 GC heap after
Heap after GC invocations=15 (full 3):
 PSYoungGen      total 359936K, used 28148K [0x00000000e0000000, 0x00000000fa700000, 0x0000000100000000)
  eden space 331776K, 0% used [0x00000000e0000000,0x00000000e0000000,0x00000000f4400000)
  from space 28160K, 99% used [0x00000000f6d00000,0x00000000f887d358,0x00000000f8880000)
  to   space 41984K, 0% used [0x00000000f4400000,0x00000000f4400000,0x00000000f6d00000)
 ParOldGen       total 161280K, used 71851K [0x00000000a0000000, 0x00000000a9d80000, 0x00000000e0000000)
  object space 161280K, 44% used [0x00000000a0000000,0x00000000a462ae08,0x00000000a9d80000)
 Metaspace       used 72704K, capacity 74898K, committed 75136K, reserved 1114112K
  class space    used 9436K, capacity 10020K, committed 10112K, reserved 1048576K
}
Event: 59.992 GC heap before
{Heap before GC invocations=16 (full 3):
 PSYoungGen      total 359936K, used 359647K [0x00000000e0000000, 0x00000000fa700000, 0x0000000100000000)
  eden space 331776K, 99% used [0x00000000e0000000,0x00000000f43ba998,0x00000000f4400000)
  from space 28160K, 99% used [0x00000000f6d00000,0x00000000f887d358,0x00000000f8880000)
  to   space 41984K, 0% used [0x00000000f4400000,0x00000000f4400000,0x00000000f6d00000)
 ParOldGen       total 161280K, used 71851K [0x00000000a0000000, 0x00000000a9d80000, 0x00000000e0000000)
  object space 161280K, 44% used [0x00000000a0000000,0x00000000a462ae08,0x00000000a9d80000)
 Metaspace       used 73824K, capacity 76232K, committed 76544K, reserved 1116160K
  class space    used 9535K, capacity 10145K, committed 10240K, reserved 1048576K
Event: 60.218 GC heap after
Heap after GC invocations=16 (full 3):
 PSYoungGen      total 373760K, used 41965K [0x00000000e0000000, 0x0000000100000000, 0x0000000100000000)
  eden space 331776K, 0% used [0x00000000e0000000,0x00000000e0000000,0x00000000f4400000)
  from space 41984K, 99% used [0x00000000f4400000,0x00000000f6cfb7f8,0x00000000f6d00000)
  to   space 64000K, 0% used [0x00000000fc180000,0x00000000fc180000,0x0000000100000000)
 ParOldGen       total 161280K, used 112934K [0x00000000a0000000, 0x00000000a9d80000, 0x00000000e0000000)
  object space 161280K, 70% used [0x00000000a0000000,0x00000000a6e499c8,0x00000000a9d80000)
 Metaspace       used 73824K, capacity 76232K, committed 76544K, reserved 1116160K
  class space    used 9535K, capacity 10145K, committed 10240K, reserved 1048576K
}
Event: 66.957 GC heap before
{Heap before GC invocations=17 (full 3):
 PSYoungGen      total 373760K, used 373741K [0x00000000e0000000, 0x0000000100000000, 0x0000000100000000)
  eden space 331776K, 100% used [0x00000000e0000000,0x00000000f4400000,0x00000000f4400000)
  from space 41984K, 99% used [0x00000000f4400000,0x00000000f6cfb7f8,0x00000000f6d00000)
  to   space 64000K, 0% used [0x00000000fc180000,0x00000000fc180000,0x0000000100000000)
 ParOldGen       total 161280K, used 112934K [0x00000000a0000000, 0x00000000a9d80000, 0x00000000e0000000)
  object space 161280K, 70% used [0x00000000a0000000,0x00000000a6e499c8,0x00000000a9d80000)
 Metaspace       used 82554K, capacity 85580K, committed 85888K, reserved 1124352K
  class space    used 10581K, capacity 11273K, committed 11392K, reserved 1048576K
Event: 67.183 GC heap after
Heap after GC invocations=17 (full 3):
 PSYoungGen      total 440832K, used 60737K [0x00000000e0000000, 0x0000000100000000, 0x0000000100000000)
  eden space 376832K, 0% used [0x00000000e0000000,0x00000000e0000000,0x00000000f7000000)
  from space 64000K, 94% used [0x00000000fc180000,0x00000000ffcd0630,0x0000000100000000)
  to   space 73728K, 0% used [0x00000000f7000000,0x00000000f7000000,0x00000000fb800000)
 ParOldGen       total 161280K, used 112950K [0x00000000a0000000, 0x00000000a9d80000, 0x00000000e0000000)
  object space 161280K, 70% used [0x00000000a0000000,0x00000000a6e4d9c8,0x00000000a9d80000)
 Metaspace       used 82554K, capacity 85580K, committed 85888K, reserved 1124352K
  class space    used 10581K, capacity 11273K, committed 11392K, reserved 1048576K
}
Event: 69.892 GC heap before
{Heap before GC invocations=18 (full 3):
 PSYoungGen      total 440832K, used 437443K [0x00000000e0000000, 0x0000000100000000, 0x0000000100000000)
  eden space 376832K, 99% used [0x00000000e0000000,0x00000000f6fe0640,0x00000000f7000000)
  from space 64000K, 94% used [0x00000000fc180000,0x00000000ffcd0630,0x0000000100000000)
  to   space 73728K, 0% used [0x00000000f7000000,0x00000000f7000000,0x00000000fb800000)
 ParOldGen       total 161280K, used 112950K [0x00000000a0000000, 0x00000000a9d80000, 0x00000000e0000000)
  object space 161280K, 70% used [0x00000000a0000000,0x00000000a6e4d9c8,0x00000000a9d80000)
 Metaspace       used 83230K, capacity 86228K, committed 86400K, reserved 1124352K
  class space    used 10606K, capacity 11275K, committed 11392K, reserved 1048576K
Event: 70.067 GC heap after
Heap after GC invocations=18 (full 3):
 PSYoungGen      total 436224K, used 59021K [0x00000000e0000000, 0x0000000100000000, 0x0000000100000000)
  eden space 376832K, 0% used [0x00000000e0000000,0x00000000e0000000,0x00000000f7000000)
  from space 59392K, 99% used [0x00000000f7000000,0x00000000fa9a3628,0x00000000faa00000)
  to   space 80384K, 0% used [0x00000000fb180000,0x00000000fb180000,0x0000000100000000)
 ParOldGen       total 161280K, used 112958K [0x00000000a0000000, 0x00000000a9d80000, 0x00000000e0000000)
  object space 161280K, 70% used [0x00000000a0000000,0x00000000a6e4f9c8,0x00000000a9d80000)
 Metaspace       used 83230K, capacity 86228K, committed 86400K, reserved 1124352K
  class space    used 10606K, capacity 11275K, committed 11392K, reserved 1048576K
}

