# JRE version: OpenJDK Runtime Environment (8.0_152-b01) (build 1.8.0_152-release-1248-b01)
# Java VM: OpenJDK 64-Bit Server VM (25.152-b01 mixed mode linux-amd64 compressed oops)
Heap:
 PSYoungGen      total 309248K, used 309223K [0x00000000e0000000, 0x00000000f5c00000, 0x0000000100000000)
  eden space 279040K, 100% used [0x00000000e0000000,0x00000000f1080000,0x00000000f1080000)
  from space 30208K, 99% used [0x00000000f3300000,0x00000000f5079d58,0x00000000f5080000)
  to   space 35328K, 99% used [0x00000000f1080000,0x00000000f32ffec8,0x00000000f3300000)
 ParOldGen       total 166400K, used 62724K [0x00000000a0000000, 0x00000000aa280000, 0x00000000e0000000)
  object space 166400K, 37% used [0x00000000a0000000,0x00000000a3d41240,0x00000000aa280000)
 Metaspace       used 82166K, capacity 85438K, committed 85808K, reserved 1124352K
  class space    used 10464K, capacity 11265K, committed 11312K, reserved 1048576K
GC Heap History (10 events):
Event: 10.478 GC heap after
Heap after GC invocations=11 (full 3):
 PSYoungGen      total 248832K, used 0K [0x00000000e0000000, 0x00000000f1d80000, 0x0000000100000000)
  eden space 229888K, 0% used [0x00000000e0000000,0x00000000e0000000,0x00000000ee080000)
  from space 18944K, 0% used [0x00000000efa00000,0x00000000efa00000,0x00000000f0c80000)
  to   space 26112K, 0% used [0x00000000ee080000,0x00000000ee080000,0x00000000efa00000)
 ParOldGen       total 166400K, used 42043K [0x00000000a0000000, 0x00000000aa280000, 0x00000000e0000000)
  object space 166400K, 25% used [0x00000000a0000000,0x00000000a290ede8,0x00000000aa280000)
 Metaspace       used 56980K, capacity 58920K, committed 59160K, reserved 1099776K
  class space    used 7721K, capacity 8245K, committed 8368K, reserved 1048576K
}
Event: 16.688 GC heap before
{Heap before GC invocations=12 (full 3):
 PSYoungGen      total 248832K, used 229888K [0x00000000e0000000, 0x00000000f1d80000, 0x0000000100000000)
  eden space 229888K, 100% used [0x00000000e0000000,0x00000000ee080000,0x00000000ee080000)
  from space 18944K, 0% used [0x00000000efa00000,0x00000000efa00000,0x00000000f0c80000)
  to   space 26112K, 0% used [0x00000000ee080000,0x00000000ee080000,0x00000000efa00000)
 ParOldGen       total 166400K, used 42043K [0x00000000a0000000, 0x00000000aa280000, 0x00000000e0000000)
  object space 166400K, 25% used [0x00000000a0000000,0x00000000a290ede8,0x00000000aa280000)
 Metaspace       used 64450K, capacity 66944K, committed 67248K, reserved 1107968K
  class space    used 8497K, capacity 9085K, committed 9136K, reserved 1048576K
Event: 16.725 GC heap after
Heap after GC invocations=12 (full 3):
 PSYoungGen      total 256000K, used 18763K [0x00000000e0000000, 0x00000000f3700000, 0x0000000100000000)
  eden space 229888K, 0% used [0x00000000e0000000,0x00000000e0000000,0x00000000ee080000)
  from space 26112K, 71% used [0x00000000ee080000,0x00000000ef2d2c38,0x00000000efa00000)
  to   space 27136K, 0% used [0x00000000f1c80000,0x00000000f1c80000,0x00000000f3700000)
 ParOldGen       total 166400K, used 42051K [0x00000000a0000000, 0x00000000aa280000, 0x00000000e0000000)
  object space 166400K, 25% used [0x00000000a0000000,0x00000000a2910de8,0x00000000aa280000)
 Metaspace       used 64450K, capacity 66944K, committed 67248K, reserved 1107968K
  class space    used 8497K, capacity 9085K, committed 9136K, reserved 1048576K
}
Event: 48.111 GC heap before
{Heap before GC invocations=13 (full 3):
 PSYoungGen      total 256000K, used 248651K [0x00000000e0000000, 0x00000000f3700000, 0x0000000100000000)
  eden space 229888K, 100% used [0x00000000e0000000,0x00000000ee080000,0x00000000ee080000)
  from space 26112K, 71% used [0x00000000ee080000,0x00000000ef2d2c38,0x00000000efa00000)
  to   space 27136K, 0% used [0x00000000f1c80000,0x00000000f1c80000,0x00000000f3700000)
 ParOldGen       total 166400K, used 42051K [0x00000000a0000000, 0x00000000aa280000, 0x00000000e0000000)
  object space 166400K, 25% used [0x00000000a0000000,0x00000000a2910de8,0x00000000aa280000)
 Metaspace       used 69166K, capacity 72092K, committed 72368K, reserved 1112064K
  class space    used 9078K, capacity 9790K, committed 9904K, reserved 1048576K
Event: 48.144 GC heap after
Heap after GC invocations=13 (full 3):
 PSYoungGen      total 280064K, used 17118K [0x00000000e0000000, 0x00000000f3200000, 0x0000000100000000)
  eden space 258048K, 0% used [0x00000000e0000000,0x00000000e0000000,0x00000000efc00000)
  from space 22016K, 77% used [0x00000000f1c80000,0x00000000f2d378c8,0x00000000f3200000)
  to   space 27648K, 0% used [0x00000000efc00000,0x00000000efc00000,0x00000000f1700000)
 ParOldGen       total 166400K, used 42059K [0x00000000a0000000, 0x00000000aa280000, 0x00000000e0000000)
  object space 166400K, 25% used [0x00000000a0000000,0x00000000a2912de8,0x00000000aa280000)
 Metaspace       used 69166K, capacity 72092K, committed 72368K, reserved 1112064K
  class space    used 9078K, capacity 9790K, committed 9904K, reserved 1048576K
}
Event: 69.452 GC heap before
{Heap before GC invocations=14 (full 3):
 PSYoungGen      total 280064K, used 275166K [0x00000000e0000000, 0x00000000f3200000, 0x0000000100000000)
  eden space 258048K, 100% used [0x00000000e0000000,0x00000000efc00000,0x00000000efc00000)
  from space 22016K, 77% used [0x00000000f1c80000,0x00000000f2d378c8,0x00000000f3200000)
  to   space 27648K, 0% used [0x00000000efc00000,0x00000000efc00000,0x00000000f1700000)
 ParOldGen       total 166400K, used 42059K [0x00000000a0000000, 0x00000000aa280000, 0x00000000e0000000)
  object space 166400K, 25% used [0x00000000a0000000,0x00000000a2912de8,0x00000000aa280000)
 Metaspace       used 73583K, capacity 76852K, committed 76976K, reserved 1116160K
  class space    used 9611K, capacity 10374K, committed 10416K, reserved 1048576K
Event: 69.510 GC heap after
Heap after GC invocations=14 (full 3):
 PSYoungGen      total 285696K, used 25049K [0x00000000e0000000, 0x00000000f5080000, 0x0000000100000000)
  eden space 258048K, 0% used [0x00000000e0000000,0x00000000e0000000,0x00000000efc00000)
  from space 27648K, 90% used [0x00000000efc00000,0x00000000f1476648,0x00000000f1700000)
  to   space 30208K, 0% used [0x00000000f3300000,0x00000000f3300000,0x00000000f5080000)
 ParOldGen       total 166400K, used 42067K [0x00000000a0000000, 0x00000000aa280000, 0x00000000e0000000)
  object space 166400K, 25% used [0x00000000a0000000,0x00000000a2914de8,0x00000000aa280000)
 Metaspace       used 73583K, capacity 76852K, committed 76976K, reserved 1116160K
  class space    used 9611K, capacity 10374K, committed 10416K, reserved 1048576K
}
Event: 73.947 GC heap before
{Heap before GC invocations=15 (full 3):
 PSYoungGen      total 285696K, used 283097K [0x00000000e0000000, 0x00000000f5080000, 0x0000000100000000)
  eden space 258048K, 100% used [0x00000000e0000000,0x00000000efc00000,0x00000000efc00000)
  from space 27648K, 90% used [0x00000000efc00000,0x00000000f1476648,0x00000000f1700000)
  to   space 30208K, 0% used [0x00000000f3300000,0x00000000f3300000,0x00000000f5080000)
 ParOldGen       total 166400K, used 42067K [0x00000000a0000000, 0x00000000aa280000, 0x00000000e0000000)
  object space 166400K, 25% used [0x00000000a0000000,0x00000000a2914de8,0x00000000aa280000)
 Metaspace       used 80208K, capacity 83444K, committed 83504K, reserved 1122304K
  class space    used 10272K, capacity 11050K, committed 11056K, reserved 1048576K
Event: 74.010 GC heap after
Heap after GC invocations=15 (full 3):
 PSYoungGen      total 309248K, used 30183K [0x00000000e0000000, 0x00000000f5c00000, 0x0000000100000000)
  eden space 279040K, 0% used [0x00000000e0000000,0x00000000e0000000,0x00000000f1080000)
  from space 30208K, 99% used [0x00000000f3300000,0x00000000f5079d58,0x00000000f5080000)
  to   space 35328K, 0% used [0x00000000f1080000,0x00000000f1080000,0x00000000f3300000)
 ParOldGen       total 166400K, used 43453K [0x00000000a0000000, 0x00000000aa280000, 0x00000000e0000000)
  object space 166400K, 26% used [0x00000000a0000000,0x00000000a2a6f528,0x00000000aa280000)
 Metaspace       used 80208K, capacity 83444K, committed 83504K, reserved 1122304K
  class space    used 10272K, capacity 11050K, committed 11056K, reserved 1048576K
}
Event: 77.693 GC heap before
{Heap before GC invocations=16 (full 3):
 PSYoungGen      total 309248K, used 309223K [0x00000000e0000000, 0x00000000f5c00000, 0x0000000100000000)
  eden space 279040K, 100% used [0x00000000e0000000,0x00000000f1080000,0x00000000f1080000)
  from space 30208K, 99% used [0x00000000f3300000,0x00000000f5079d58,0x00000000f5080000)
  to   space 35328K, 0% used [0x00000000f1080000,0x00000000f1080000,0x00000000f3300000)
 ParOldGen       total 166400K, used 43453K [0x00000000a0000000, 0x00000000aa280000, 0x00000000e0000000)
  object space 166400K, 26% used [0x00000000a0000000,0x00000000a2a6f528,0x00000000aa280000)
 Metaspace       used 82166K, capacity 85438K, committed 85808K, reserved 1124352K
  class space    used 10464K, capacity 11265K, committed 11312K, reserved 1048576K

