# JRE version: OpenJDK Runtime Environment (8.0_152-b01) (build 1.8.0_152-release-1248-b01)
# Java VM: OpenJDK 64-Bit Server VM (25.152-b01 mixed mode linux-amd64 compressed oops)
Heap:
 PSYoungGen      total 292864K, used 41553K [0x00000000e0000000, 0x00000000f8800000, 0x0000000100000000)
  eden space 225280K, 0% used [0x00000000e0000000,0x00000000e0000000,0x00000000edc00000)
  from space 67584K, 61% used [0x00000000edc00000,0x00000000f04945a8,0x00000000f1e00000)
  to   space 69120K, 0% used [0x00000000f4480000,0x00000000f4480000,0x00000000f8800000)
 ParOldGen       total 148992K, used 125114K [0x00000000a0000000, 0x00000000a9180000, 0x00000000e0000000)
  object space 148992K, 83% used [0x00000000a0000000,0x00000000a7a2e940,0x00000000a9180000)
 Metaspace       used 78067K, capacity 81094K, committed 81304K, reserved 1120256K
  class space    used 9917K, capacity 10658K, committed 10672K, reserved 1048576K
GC Heap History (10 events):
Event: 18.195 GC heap after
Heap after GC invocations=16 (full 3):
 PSYoungGen      total 201216K, used 22004K [0x00000000e0000000, 0x00000000f0300000, 0x0000000100000000)
  eden space 179200K, 0% used [0x00000000e0000000,0x00000000e0000000,0x00000000eaf00000)
  from space 22016K, 99% used [0x00000000eaf00000,0x00000000ec47d010,0x00000000ec480000)
  to   space 25600K, 0% used [0x00000000eea00000,0x00000000eea00000,0x00000000f0300000)
 ParOldGen       total 148992K, used 38702K [0x00000000a0000000, 0x00000000a9180000, 0x00000000e0000000)
  object space 148992K, 25% used [0x00000000a0000000,0x00000000a25cb848,0x00000000a9180000)
 Metaspace       used 67130K, capacity 69652K, committed 69912K, reserved 1110016K
  class space    used 8856K, capacity 9461K, committed 9520K, reserved 1048576K
}
Event: 35.926 GC heap before
{Heap before GC invocations=17 (full 3):
 PSYoungGen      total 201216K, used 201204K [0x00000000e0000000, 0x00000000f0300000, 0x0000000100000000)
  eden space 179200K, 100% used [0x00000000e0000000,0x00000000eaf00000,0x00000000eaf00000)
  from space 22016K, 99% used [0x00000000eaf00000,0x00000000ec47d010,0x00000000ec480000)
  to   space 25600K, 0% used [0x00000000eea00000,0x00000000eea00000,0x00000000f0300000)
 ParOldGen       total 148992K, used 38702K [0x00000000a0000000, 0x00000000a9180000, 0x00000000e0000000)
  object space 148992K, 25% used [0x00000000a0000000,0x00000000a25cb848,0x00000000a9180000)
 Metaspace       used 69221K, capacity 72042K, committed 72216K, reserved 1112064K
  class space    used 9069K, capacity 9774K, committed 9776K, reserved 1048576K
Event: 35.957 GC heap after
Heap after GC invocations=17 (full 3):
 PSYoungGen      total 233472K, used 23164K [0x00000000e0000000, 0x00000000f0280000, 0x0000000100000000)
  eden space 208384K, 0% used [0x00000000e0000000,0x00000000e0000000,0x00000000ecb80000)
  from space 25088K, 92% used [0x00000000eea00000,0x00000000f009f018,0x00000000f0280000)
  to   space 28160K, 0% used [0x00000000ecb80000,0x00000000ecb80000,0x00000000ee700000)
 ParOldGen       total 148992K, used 38710K [0x00000000a0000000, 0x00000000a9180000, 0x00000000e0000000)
  object space 148992K, 25% used [0x00000000a0000000,0x00000000a25cd848,0x00000000a9180000)
 Metaspace       used 69221K, capacity 72042K, committed 72216K, reserved 1112064K
  class space    used 9069K, capacity 9774K, committed 9776K, reserved 1048576K
}
Event: 38.966 GC heap before
{Heap before GC invocations=18 (full 3):
 PSYoungGen      total 233472K, used 231548K [0x00000000e0000000, 0x00000000f0280000, 0x0000000100000000)
  eden space 208384K, 100% used [0x00000000e0000000,0x00000000ecb80000,0x00000000ecb80000)
  from space 25088K, 92% used [0x00000000eea00000,0x00000000f009f018,0x00000000f0280000)
  to   space 28160K, 0% used [0x00000000ecb80000,0x00000000ecb80000,0x00000000ee700000)
 ParOldGen       total 148992K, used 38710K [0x00000000a0000000, 0x00000000a9180000, 0x00000000e0000000)
  object space 148992K, 25% used [0x00000000a0000000,0x00000000a25cd848,0x00000000a9180000)
 Metaspace       used 75045K, capacity 77902K, committed 78104K, reserved 1116160K
  class space    used 9713K, capacity 10430K, committed 10544K, reserved 1048576K
Event: 39.041 GC heap after
Heap after GC invocations=18 (full 3):
 PSYoungGen      total 236544K, used 28152K [0x00000000e0000000, 0x00000000f4b00000, 0x0000000100000000)
  eden space 208384K, 0% used [0x00000000e0000000,0x00000000e0000000,0x00000000ecb80000)
  from space 28160K, 99% used [0x00000000ecb80000,0x00000000ee6fe378,0x00000000ee700000)
  to   space 46080K, 0% used [0x00000000f1e00000,0x00000000f1e00000,0x00000000f4b00000)
 ParOldGen       total 148992K, used 76266K [0x00000000a0000000, 0x00000000a9180000, 0x00000000e0000000)
  object space 148992K, 51% used [0x00000000a0000000,0x00000000a4a7ab58,0x00000000a9180000)
 Metaspace       used 75045K, capacity 77902K, committed 78104K, reserved 1116160K
  class space    used 9713K, capacity 10430K, committed 10544K, reserved 1048576K
}
Event: 41.502 GC heap before
{Heap before GC invocations=19 (full 3):
 PSYoungGen      total 236544K, used 236536K [0x00000000e0000000, 0x00000000f4b00000, 0x0000000100000000)
  eden space 208384K, 100% used [0x00000000e0000000,0x00000000ecb80000,0x00000000ecb80000)
  from space 28160K, 99% used [0x00000000ecb80000,0x00000000ee6fe378,0x00000000ee700000)
  to   space 46080K, 0% used [0x00000000f1e00000,0x00000000f1e00000,0x00000000f4b00000)
 ParOldGen       total 148992K, used 76266K [0x00000000a0000000, 0x00000000a9180000, 0x00000000e0000000)
  object space 148992K, 51% used [0x00000000a0000000,0x00000000a4a7ab58,0x00000000a9180000)
 Metaspace       used 77000K, capacity 79904K, committed 80280K, reserved 1118208K
  class space    used 9864K, capacity 10561K, committed 10672K, reserved 1048576K
Event: 41.628 GC heap after
Heap after GC invocations=19 (full 3):
 PSYoungGen      total 271360K, used 46068K [0x00000000e0000000, 0x00000000f7f80000, 0x0000000100000000)
  eden space 225280K, 0% used [0x00000000e0000000,0x00000000e0000000,0x00000000edc00000)
  from space 46080K, 99% used [0x00000000f1e00000,0x00000000f4afd188,0x00000000f4b00000)
  to   space 67584K, 0% used [0x00000000edc00000,0x00000000edc00000,0x00000000f1e00000)
 ParOldGen       total 148992K, used 113599K [0x00000000a0000000, 0x00000000a9180000, 0x00000000e0000000)
  object space 148992K, 76% used [0x00000000a0000000,0x00000000a6eefcb0,0x00000000a9180000)
 Metaspace       used 77000K, capacity 79904K, committed 80280K, reserved 1118208K
  class space    used 9864K, capacity 10561K, committed 10672K, reserved 1048576K
}
Event: 45.078 GC heap before
{Heap before GC invocations=20 (full 3):
 PSYoungGen      total 271360K, used 271348K [0x00000000e0000000, 0x00000000f7f80000, 0x0000000100000000)
  eden space 225280K, 100% used [0x00000000e0000000,0x00000000edc00000,0x00000000edc00000)
  from space 46080K, 99% used [0x00000000f1e00000,0x00000000f4afd188,0x00000000f4b00000)
  to   space 67584K, 0% used [0x00000000edc00000,0x00000000edc00000,0x00000000f1e00000)
 ParOldGen       total 148992K, used 113599K [0x00000000a0000000, 0x00000000a9180000, 0x00000000e0000000)
  object space 148992K, 76% used [0x00000000a0000000,0x00000000a6eefcb0,0x00000000a9180000)
 Metaspace       used 78067K, capacity 81094K, committed 81304K, reserved 1120256K
  class space    used 9917K, capacity 10658K, committed 10672K, reserved 1048576K
Event: 45.206 GC heap after
Heap after GC invocations=20 (full 3):
 PSYoungGen      total 292864K, used 41553K [0x00000000e0000000, 0x00000000f8800000, 0x0000000100000000)
  eden space 225280K, 0% used [0x00000000e0000000,0x00000000e0000000,0x00000000edc00000)
  from space 67584K, 61% used [0x00000000edc00000,0x00000000f04945a8,0x00000000f1e00000)
  to   space 69120K, 0% used [0x00000000f4480000,0x00000000f4480000,0x00000000f8800000)
 ParOldGen       total 148992K, used 125114K [0x00000000a0000000, 0x00000000a9180000, 0x00000000e0000000)
  object space 148992K, 83% used [0x00000000a0000000,0x00000000a7a2e940,0x00000000a9180000)
 Metaspace       used 78067K, capacity 81094K, committed 81304K, reserved 1120256K
  class space    used 9917K, capacity 10658K, committed 10672K, reserved 1048576K
}
Event: 45.206 GC heap before
{Heap before GC invocations=21 (full 4):
 PSYoungGen      total 292864K, used 41553K [0x00000000e0000000, 0x00000000f8800000, 0x0000000100000000)
  eden space 225280K, 0% used [0x00000000e0000000,0x00000000e0000000,0x00000000edc00000)
  from space 67584K, 61% used [0x00000000edc00000,0x00000000f04945a8,0x00000000f1e00000)
  to   space 69120K, 0% used [0x00000000f4480000,0x00000000f4480000,0x00000000f8800000)
 ParOldGen       total 148992K, used 125114K [0x00000000a0000000, 0x00000000a9180000, 0x00000000e0000000)
  object space 148992K, 83% used [0x00000000a0000000,0x00000000a7a2e940,0x00000000a9180000)
 Metaspace       used 78067K, capacity 81094K, committed 81304K, reserved 1120256K
  class space    used 9917K, capacity 10658K, committed 10672K, reserved 1048576K

