# JRE version: OpenJDK Runtime Environment (8.0_152-b01) (build 1.8.0_152-release-1248-b01)
# Java VM: OpenJDK 64-Bit Server VM (25.152-b01 mixed mode linux-amd64 compressed oops)
Heap:
 PSYoungGen      total 406528K, used 406520K [0x00000000e0000000, 0x00000000ffe80000, 0x0000000100000000)
  eden space 372736K, 100% used [0x00000000e0000000,0x00000000f6c00000,0x00000000f6c00000)
  from space 33792K, 99% used [0x00000000f6c00000,0x00000000f8cfe3a0,0x00000000f8d00000)
  to   space 39424K, 29% used [0x00000000fd800000,0x00000000fe37eea8,0x00000000ffe80000)
 ParOldGen       total 148480K, used 38872K [0x00000000a0000000, 0x00000000a9100000, 0x00000000e0000000)
  object space 148480K, 26% used [0x00000000a0000000,0x00000000a25f63c8,0x00000000a9100000)
 Metaspace       used 81814K, capacity 85904K, committed 86064K, reserved 1124352K
  class space    used 10452K, capacity 11467K, committed 11568K, reserved 1048576K
GC Heap History (10 events):
Event: 11.108 GC heap after
Heap after GC invocations=12 (full 3):
 PSYoungGen      total 259584K, used 0K [0x00000000e0000000, 0x00000000f7a80000, 0x0000000100000000)
  eden space 232960K, 0% used [0x00000000e0000000,0x00000000e0000000,0x00000000ee380000)
  from space 26624K, 0% used [0x00000000ee380000,0x00000000ee380000,0x00000000efd80000)
  to   space 28160K, 0% used [0x00000000f5f00000,0x00000000f5f00000,0x00000000f7a80000)
 ParOldGen       total 148480K, used 38102K [0x00000000a0000000, 0x00000000a9100000, 0x00000000e0000000)
  object space 148480K, 25% used [0x00000000a0000000,0x00000000a2535af8,0x00000000a9100000)
 Metaspace       used 56892K, capacity 59098K, committed 59160K, reserved 1099776K
  class space    used 7733K, capacity 8310K, committed 8368K, reserved 1048576K
}
Event: 851.557 GC heap before
{Heap before GC invocations=13 (full 3):
 PSYoungGen      total 259584K, used 232960K [0x00000000e0000000, 0x00000000f7a80000, 0x0000000100000000)
  eden space 232960K, 100% used [0x00000000e0000000,0x00000000ee380000,0x00000000ee380000)
  from space 26624K, 0% used [0x00000000ee380000,0x00000000ee380000,0x00000000efd80000)
  to   space 28160K, 0% used [0x00000000f5f00000,0x00000000f5f00000,0x00000000f7a80000)
 ParOldGen       total 148480K, used 38102K [0x00000000a0000000, 0x00000000a9100000, 0x00000000e0000000)
  object space 148480K, 25% used [0x00000000a0000000,0x00000000a2535af8,0x00000000a9100000)
 Metaspace       used 62672K, capacity 65434K, committed 65584K, reserved 1105920K
  class space    used 8212K, capacity 8901K, committed 9008K, reserved 1048576K
Event: 851.578 GC heap after
Heap after GC invocations=13 (full 3):
 PSYoungGen      total 310272K, used 9409K [0x00000000e0000000, 0x00000000f6880000, 0x0000000100000000)
  eden space 300544K, 0% used [0x00000000e0000000,0x00000000e0000000,0x00000000f2580000)
  from space 9728K, 96% used [0x00000000f5f00000,0x00000000f6830770,0x00000000f6880000)
  to   space 27136K, 0% used [0x00000000f3380000,0x00000000f3380000,0x00000000f4e00000)
 ParOldGen       total 148480K, used 38110K [0x00000000a0000000, 0x00000000a9100000, 0x00000000e0000000)
  object space 148480K, 25% used [0x00000000a0000000,0x00000000a2537af8,0x00000000a9100000)
 Metaspace       used 62672K, capacity 65434K, committed 65584K, reserved 1105920K
  class space    used 8212K, capacity 8901K, committed 9008K, reserved 1048576K
}
Event: 858.918 GC heap before
{Heap before GC invocations=14 (full 3):
 PSYoungGen      total 310272K, used 309953K [0x00000000e0000000, 0x00000000f6880000, 0x0000000100000000)
  eden space 300544K, 100% used [0x00000000e0000000,0x00000000f2580000,0x00000000f2580000)
  from space 9728K, 96% used [0x00000000f5f00000,0x00000000f6830770,0x00000000f6880000)
  to   space 27136K, 0% used [0x00000000f3380000,0x00000000f3380000,0x00000000f4e00000)
 ParOldGen       total 148480K, used 38110K [0x00000000a0000000, 0x00000000a9100000, 0x00000000e0000000)
  object space 148480K, 25% used [0x00000000a0000000,0x00000000a2537af8,0x00000000a9100000)
 Metaspace       used 67169K, capacity 70658K, committed 70960K, reserved 1110016K
  class space    used 8844K, capacity 9713K, committed 9776K, reserved 1048576K
Event: 858.972 GC heap after
Heap after GC invocations=14 (full 3):
 PSYoungGen      total 342016K, used 23073K [0x00000000e0000000, 0x00000000faa00000, 0x0000000100000000)
  eden space 314880K, 0% used [0x00000000e0000000,0x00000000e0000000,0x00000000f3380000)
  from space 27136K, 85% used [0x00000000f3380000,0x00000000f4a086c8,0x00000000f4e00000)
  to   space 29696K, 0% used [0x00000000f8d00000,0x00000000f8d00000,0x00000000faa00000)
 ParOldGen       total 148480K, used 38118K [0x00000000a0000000, 0x00000000a9100000, 0x00000000e0000000)
  object space 148480K, 25% used [0x00000000a0000000,0x00000000a2539af8,0x00000000a9100000)
 Metaspace       used 67169K, capacity 70658K, committed 70960K, reserved 1110016K
  class space    used 8844K, capacity 9713K, committed 9776K, reserved 1048576K
}
Event: 938.766 GC heap before
{Heap before GC invocations=15 (full 3):
 PSYoungGen      total 342016K, used 337953K [0x00000000e0000000, 0x00000000faa00000, 0x0000000100000000)
  eden space 314880K, 100% used [0x00000000e0000000,0x00000000f3380000,0x00000000f3380000)
  from space 27136K, 85% used [0x00000000f3380000,0x00000000f4a086c8,0x00000000f4e00000)
  to   space 29696K, 0% used [0x00000000f8d00000,0x00000000f8d00000,0x00000000faa00000)
 ParOldGen       total 148480K, used 38118K [0x00000000a0000000, 0x00000000a9100000, 0x00000000e0000000)
  object space 148480K, 25% used [0x00000000a0000000,0x00000000a2539af8,0x00000000a9100000)
 Metaspace       used 70530K, capacity 74410K, committed 74544K, reserved 1114112K
  class space    used 9293K, capacity 10262K, committed 10288K, reserved 1048576K
Event: 938.825 GC heap after
Heap after GC invocations=15 (full 3):
 PSYoungGen      total 402432K, used 29522K [0x00000000e0000000, 0x00000000fb700000, 0x0000000100000000)
  eden space 372736K, 0% used [0x00000000e0000000,0x00000000e0000000,0x00000000f6c00000)
  from space 29696K, 99% used [0x00000000f8d00000,0x00000000fa9d4848,0x00000000faa00000)
  to   space 33792K, 0% used [0x00000000f6c00000,0x00000000f6c00000,0x00000000f8d00000)
 ParOldGen       total 148480K, used 38126K [0x00000000a0000000, 0x00000000a9100000, 0x00000000e0000000)
  object space 148480K, 25% used [0x00000000a0000000,0x00000000a253baf8,0x00000000a9100000)
 Metaspace       used 70530K, capacity 74410K, committed 74544K, reserved 1114112K
  class space    used 9293K, capacity 10262K, committed 10288K, reserved 1048576K
}
Event: 942.995 GC heap before
{Heap before GC invocations=16 (full 3):
 PSYoungGen      total 402432K, used 402258K [0x00000000e0000000, 0x00000000fb700000, 0x0000000100000000)
  eden space 372736K, 100% used [0x00000000e0000000,0x00000000f6c00000,0x00000000f6c00000)
  from space 29696K, 99% used [0x00000000f8d00000,0x00000000fa9d4848,0x00000000faa00000)
  to   space 33792K, 0% used [0x00000000f6c00000,0x00000000f6c00000,0x00000000f8d00000)
 ParOldGen       total 148480K, used 38126K [0x00000000a0000000, 0x00000000a9100000, 0x00000000e0000000)
  object space 148480K, 25% used [0x00000000a0000000,0x00000000a253baf8,0x00000000a9100000)
 Metaspace       used 74767K, capacity 78742K, committed 78896K, reserved 1118208K
  class space    used 9702K, capacity 10708K, committed 10800K, reserved 1048576K
Event: 943.054 GC heap after
Heap after GC invocations=16 (full 3):
 PSYoungGen      total 406528K, used 33784K [0x00000000e0000000, 0x00000000ffe80000, 0x0000000100000000)
  eden space 372736K, 0% used [0x00000000e0000000,0x00000000e0000000,0x00000000f6c00000)
  from space 33792K, 99% used [0x00000000f6c00000,0x00000000f8cfe3a0,0x00000000f8d00000)
  to   space 39424K, 0% used [0x00000000fd800000,0x00000000fd800000,0x00000000ffe80000)
 ParOldGen       total 148480K, used 38872K [0x00000000a0000000, 0x00000000a9100000, 0x00000000e0000000)
  object space 148480K, 26% used [0x00000000a0000000,0x00000000a25f63c8,0x00000000a9100000)
 Metaspace       used 74767K, capacity 78742K, committed 78896K, reserved 1118208K
  class space    used 9702K, capacity 10708K, committed 10800K, reserved 1048576K
}
Event: 948.402 GC heap before
{Heap before GC invocations=17 (full 3):
 PSYoungGen      total 406528K, used 406520K [0x00000000e0000000, 0x00000000ffe80000, 0x0000000100000000)
  eden space 372736K, 100% used [0x00000000e0000000,0x00000000f6c00000,0x00000000f6c00000)
  from space 33792K, 99% used [0x00000000f6c00000,0x00000000f8cfe3a0,0x00000000f8d00000)
  to   space 39424K, 0% used [0x00000000fd800000,0x00000000fd800000,0x00000000ffe80000)
 ParOldGen       total 148480K, used 38872K [0x00000000a0000000, 0x00000000a9100000, 0x00000000e0000000)
  object space 148480K, 26% used [0x00000000a0000000,0x00000000a25f63c8,0x00000000a9100000)
 Metaspace       used 81814K, capacity 85904K, committed 86064K, reserved 1124352K
  class space    used 10452K, capacity 11467K, committed 11568K, reserved 1048576K

